<?xml version="1.0" encoding="utf-8"?><testsuites><testsuite name="pytest" errors="0" failures="0" skipped="0" tests="3" time="0.536" timestamp="2022-07-22T06:13:49.519851" hostname="whitebox"><testcase classname="tests.test_00_imports" name="test_import" time="0.001" /><testcase classname="tests.test_01_modules" name="test_config" time="0.000" /><testcase classname="tests.test_01_modules" name="test_main" time="0.016" /></testsuite></testsuites>