<?xml version="1.0" encoding="utf-8"?><testsuites><testsuite name="pytest" errors="0" failures="0" skipped="0" tests="3" time="2.270" timestamp="2022-07-21T17:19:15.131839" hostname="WHITEBOX"><testcase classname="tests.test_00_imports" name="test_import" time="0.003" /><testcase classname="tests.test_01_modules" name="test_config" time="0.002" /><testcase classname="tests.test_01_modules" name="test_main" time="0.034" /></testsuite></testsuites>